{
  "tags": [
    [
      "5e46365dffe94a07929a5a53544671d6"
    ],
    [
      "7ae4b72cad364e47ae4a378af1142275"
    ],
    [
      "c64affd81f804c439f4b9744697aeef6"
    ],
    [
      "000f0b7cb1864df681b134be00fab6dd"
    ],
    [
      "5480f162f9e74f2ca1acb468f7e89b0e"
    ],
    [
      "7c6fdf6411474c0b83e8f7d2e4da36e2"
    ],
    [
      "7094f6b9e99745f9ab91767b89d80c32"
    ],
    [
      "95d56ca903324809820a11c55f3826ee"
    ],
    [
      "0d9cb4228dfb40feba50547ebf6dfd48"
    ],
    [
      "f20e286156fa464cb3116fa70eae55b7"
    ],
    [
      "8529cd7e6448484dabdc6431d5b184bc"
    ],
    [
      "48011705d5074addaecaaff237627564"
    ],
    [
      "4155c3f74f30460da672fc27f9119410"
    ],
    [
      "3e782c168bfc4efeaf7e7baaecc9a78a"
    ]
  ]
}
